Using pre-set license
Built from '2020.3/staging' branch; Version is '2020.3.23f1 (c5d91304a876) revision 12966163'; Using compiler version '192528614'; Build Type 'Release'
OS: 'Windows 10 Home; OS build 22000.376; Version 2009; 64bit' Language: 'en' Physical Memory: 32588 MB
BatchMode: 1, IsHumanControllingUs: 0, StartBugReporterOnCrash: 0, Is64bit: 1, IsPro: 0

COMMAND LINE ARGUMENTS:
C:\Program Files\Unity\Hub\Editor\2020.3.23f1\Editor\Unity.exe
-adb2
-batchMode
-noUpm
-name
AssetImportWorker1
-projectPath
C:/GitHub_Unity/GuidedProjectCreativeCore/GuidedProject
-logFile
Logs/AssetImportWorker1.log
-srvPort
52323
Successfully changed project path to: C:/GitHub_Unity/GuidedProjectCreativeCore/GuidedProject
C:/GitHub_Unity/GuidedProjectCreativeCore/GuidedProject
Using Asset Import Pipeline V2.
Refreshing native plugins compatible for Editor in 46.10 ms, found 2 plugins.
Preloading 0 native plugins for Editor in 0.00 ms.
Initialize engine version: 2020.3.23f1 (c5d91304a876)
[Subsystems] Discovering subsystems at path C:/Program Files/Unity/Hub/Editor/2020.3.23f1/Editor/Data/Resources/UnitySubsystems
[Subsystems] Discovering subsystems at path C:/GitHub_Unity/GuidedProjectCreativeCore/GuidedProject/Assets
GfxDevice: creating device client; threaded=0
Direct3D:
    Version:  Direct3D 11.0 [level 11.1]
    Renderer: NVIDIA GeForce RTX 2070 Super (ID=0x1e91)
    Vendor:   
    VRAM:     8012 MB
    Driver:   30.0.14.7284
Initialize mono
Mono path[0] = 'C:/Program Files/Unity/Hub/Editor/2020.3.23f1/Editor/Data/Managed'
Mono path[1] = 'C:/Program Files/Unity/Hub/Editor/2020.3.23f1/Editor/Data/MonoBleedingEdge/lib/mono/unityjit'
Mono config path = 'C:/Program Files/Unity/Hub/Editor/2020.3.23f1/Editor/Data/MonoBleedingEdge/etc'
Using monoOptions --debugger-agent=transport=dt_socket,embedding=1,server=y,suspend=n,address=127.0.0.1:56048
Begin MonoManager ReloadAssembly
Registering precompiled unity dll's ...
Register platform support module: C:/Program Files/Unity/Hub/Editor/2020.3.23f1/Editor/Data/PlaybackEngines/WindowsStandaloneSupport/UnityEditor.WindowsStandalone.Extensions.dll
Registered in 0.001186 seconds.
Native extension for WindowsStandalone target not found
Refreshing native plugins compatible for Editor in 43.95 ms, found 2 plugins.
Preloading 0 native plugins for Editor in 0.00 ms.
Mono: successfully reloaded assembly
- Completed reload, in  0.529 seconds
Domain Reload Profiling:
	ReloadAssembly (530ms)
		BeginReloadAssembly (45ms)
			ExecutionOrderSort (0ms)
			DisableScriptedObjects (0ms)
			BackupInstance (0ms)
			ReleaseScriptingObjects (0ms)
			CreateAndSetChildDomain (1ms)
		EndReloadAssembly (418ms)
			LoadAssemblies (43ms)
			RebuildTransferFunctionScriptingTraits (0ms)
			SetupTypeCache (150ms)
			ReleaseScriptCaches (0ms)
			RebuildScriptCaches (26ms)
			SetupLoadedEditorAssemblies (151ms)
				LogAssemblyErrors (0ms)
				InitializePlatformSupportModulesInManaged (5ms)
				SetLoadedEditorAssemblies (0ms)
				RefreshPlugins (44ms)
				BeforeProcessingInitializeOnLoad (14ms)
				ProcessInitializeOnLoadAttributes (65ms)
				ProcessInitializeOnLoadMethodAttributes (23ms)
				AfterProcessingInitializeOnLoad (0ms)
				EditorAssembliesLoaded (0ms)
			ExecutionOrderSort2 (0ms)
			AwakeInstancesAfterBackupRestoration (0ms)
Platform modules already initialized, skipping
Registering precompiled user dll's ...
Registered in 0.003002 seconds.
Begin MonoManager ReloadAssembly
Native extension for WindowsStandalone target not found
Refreshing native plugins compatible for Editor in 44.01 ms, found 2 plugins.
Preloading 0 native plugins for Editor in 0.00 ms.
Mono: successfully reloaded assembly
- Completed reload, in  2.266 seconds
Domain Reload Profiling:
	ReloadAssembly (2271ms)
		BeginReloadAssembly (126ms)
			ExecutionOrderSort (0ms)
			DisableScriptedObjects (4ms)
			BackupInstance (0ms)
			ReleaseScriptingObjects (0ms)
			CreateAndSetChildDomain (15ms)
		EndReloadAssembly (2096ms)
			LoadAssemblies (233ms)
			RebuildTransferFunctionScriptingTraits (0ms)
			SetupTypeCache (769ms)
			ReleaseScriptCaches (0ms)
			RebuildScriptCaches (40ms)
			SetupLoadedEditorAssemblies (943ms)
				LogAssemblyErrors (0ms)
				InitializePlatformSupportModulesInManaged (3ms)
				SetLoadedEditorAssemblies (0ms)
				RefreshPlugins (44ms)
				BeforeProcessingInitializeOnLoad (70ms)
				ProcessInitializeOnLoadAttributes (286ms)
				ProcessInitializeOnLoadMethodAttributes (537ms)
				AfterProcessingInitializeOnLoad (4ms)
				EditorAssembliesLoaded (0ms)
			ExecutionOrderSort2 (0ms)
			AwakeInstancesAfterBackupRestoration (6ms)
Platform modules already initialized, skipping
========================================================================
Worker process is ready to serve import requests
Launched and connected shader compiler UnityShaderCompiler.exe after 0.08 seconds
Refreshing native plugins compatible for Editor in 0.52 ms, found 2 plugins.
Preloading 0 native plugins for Editor in 0.00 ms.
Unloading 2805 Unused Serialized files (Serialized files now loaded: 0)
System memory in use before: 125.9 MB.
System memory in use after: 126.1 MB.

Unloading 20 unused Assets to reduce memory usage. Loaded Objects now: 3235.
Total: 2.790900 ms (FindLiveObjects: 0.262800 ms CreateObjectMapping: 0.154400 ms MarkObjects: 2.307000 ms  DeleteObjects: 0.065800 ms)

AssetImportParameters requested are different than current active one (requested -> active):
  custom:framework-win-MediaFoundation: 216162199b28c13a410421893ffa2e32 -> 
  custom:video-decoder-ogg-theora: a1e56fd34408186e4bbccfd4996cb3dc -> 
  custom:container-muxer-webm: aa71ff27fc2769a1b78a27578f13a17b -> 
  custom:container-demuxer-webm: 4f35f7cbe854078d1ac9338744f61a02 -> 
  custom:container-demuxer-ogg: 62fdf1f143b41e24485cea50d1cbac27 -> 
  custom:video-encoder-webm-vp8: eb34c28f22e8b96e1ab97ce403110664 -> 
  custom:video-decoder-webm-vp8: 9c59270c3fd7afecdb556c50c9e8de78 -> 
  custom:audio-decoder-ogg-vorbis: bf7c407c2cedff20999df2af8eb42d56 -> 
  custom:audio-encoder-webm-vorbis: bf7c407c2cedff20999df2af8eb42d56 -> 
========================================================================
Received Import Request.
  path: Assets/Readme.asset
  artifactKey: Guid(83c2ed844a8c74b779a4c823d16594b1) Importer(815301076,1909f56bfc062723c751e8b465ee728b)
Start importing Assets/Readme.asset using Guid(83c2ed844a8c74b779a4c823d16594b1) Importer(815301076,1909f56bfc062723c751e8b465ee728b)  -> (artifact id: '8ffd2c44ffeb50c574abb5d0c4453328') in 0.040931 seconds 
  Import took 0.045053 seconds .

========================================================================
Received Import Request.
  Time since last request: 10656.499386 seconds.
  path: Assets/Settings/ForwardRenderer.asset
  artifactKey: Guid(4a8e21d5c33334b11b34a596161b9360) Importer(815301076,1909f56bfc062723c751e8b465ee728b)
Start importing Assets/Settings/ForwardRenderer.asset using Guid(4a8e21d5c33334b11b34a596161b9360) Importer(815301076,1909f56bfc062723c751e8b465ee728b)  -> (artifact id: '63cf95242464b0f1307a08bc2392aaaa') in 0.012720 seconds 
  Import took 0.017527 seconds .

========================================================================
Received Import Request.
  Time since last request: 0.000265 seconds.
  path: Assets/Settings/SampleSceneProfile.asset
  artifactKey: Guid(10fc4df2da32a41aaa32d77bc913491c) Importer(815301076,1909f56bfc062723c751e8b465ee728b)
Start importing Assets/Settings/SampleSceneProfile.asset using Guid(10fc4df2da32a41aaa32d77bc913491c) Importer(815301076,1909f56bfc062723c751e8b465ee728b)  -> (artifact id: 'd2b3f476ab718b1cf20d183dd9addfe7') in 0.022727 seconds 
  Import took 0.026359 seconds .

========================================================================
Received Import Request.
  Time since last request: 0.000129 seconds.
  path: Assets/Settings/UniversalRP-LowQuality.asset
  artifactKey: Guid(a31e9f9f9c9d4b9429ed0d1234e22103) Importer(815301076,1909f56bfc062723c751e8b465ee728b)
Start importing Assets/Settings/UniversalRP-LowQuality.asset using Guid(a31e9f9f9c9d4b9429ed0d1234e22103) Importer(815301076,1909f56bfc062723c751e8b465ee728b)  -> (artifact id: 'b226a0bb157262eadf686f6bb5b5f1f8') in 0.008901 seconds 
  Import took 0.013181 seconds .

========================================================================
Received Import Request.
  Time since last request: 0.000158 seconds.
  path: Assets/Settings/UniversalRP-MediumQuality.asset
  artifactKey: Guid(d847b876476d3d6468f5dfcd34266f96) Importer(815301076,1909f56bfc062723c751e8b465ee728b)
Start importing Assets/Settings/UniversalRP-MediumQuality.asset using Guid(d847b876476d3d6468f5dfcd34266f96) Importer(815301076,1909f56bfc062723c751e8b465ee728b)  -> (artifact id: 'd421f548a6507a11f25ec3578746e9c1') in 0.008692 seconds 
  Import took 0.013293 seconds .

========================================================================
Received Import Request.
  Time since last request: 0.000175 seconds.
  path: Assets/Settings/UniversalRP-HighQuality.asset
  artifactKey: Guid(19ba41d7c0026c3459d37c2fe90c55a0) Importer(815301076,1909f56bfc062723c751e8b465ee728b)
Start importing Assets/Settings/UniversalRP-HighQuality.asset using Guid(19ba41d7c0026c3459d37c2fe90c55a0) Importer(815301076,1909f56bfc062723c751e8b465ee728b)  -> (artifact id: '02e18c1f933b70f494440bf5e7626866') in 0.008382 seconds 
  Import took 0.012295 seconds .

========================================================================
Received Import Request.
  Time since last request: 216.955565 seconds.
  path: Assets/Scenes
  artifactKey: Guid(4707b1b54bb2bc840b207fe408db704b) Importer(815301076,1909f56bfc062723c751e8b465ee728b)
Start importing Assets/Scenes using Guid(4707b1b54bb2bc840b207fe408db704b) Importer(815301076,1909f56bfc062723c751e8b465ee728b)  -> (artifact id: 'b8c28a4ddcf6473e328463f89a2c11fd') in 0.008117 seconds 
  Import took 0.013026 seconds .

========================================================================
Received Import Request.
  Time since last request: 34.413744 seconds.
  path: Assets/Scenes/AlienVideoStore.unity
  artifactKey: Guid(4c6a3d9e97d288240931090566429026) Importer(815301076,1909f56bfc062723c751e8b465ee728b)
Start importing Assets/Scenes/AlienVideoStore.unity using Guid(4c6a3d9e97d288240931090566429026) Importer(815301076,1909f56bfc062723c751e8b465ee728b)  -> (artifact id: '99a9a66a06eead9ce0f4ead0a0e64562') in 0.007665 seconds 
  Import took 0.011815 seconds .

========================================================================
Received Import Request.
  Time since last request: 4.072260 seconds.
  path: Assets/Scenes/SampleScene.unity
  artifactKey: Guid(d1c3109bdb54ad54c8a2b2838528e640) Importer(815301076,1909f56bfc062723c751e8b465ee728b)
Start importing Assets/Scenes/SampleScene.unity using Guid(d1c3109bdb54ad54c8a2b2838528e640) Importer(815301076,1909f56bfc062723c751e8b465ee728b)  -> (artifact id: '1a7c01bc8ed57adf1ede3d700e613d7f') in 0.007364 seconds 
  Import took 0.012963 seconds .

========================================================================
Received Import Request.
  Time since last request: 1.770027 seconds.
  path: Assets/Scenes/SampleSceneLightingSettings.lighting
  artifactKey: Guid(477cc4148fad3449482a3bc3178594e2) Importer(815301076,1909f56bfc062723c751e8b465ee728b)
Start importing Assets/Scenes/SampleSceneLightingSettings.lighting using Guid(477cc4148fad3449482a3bc3178594e2) Importer(815301076,1909f56bfc062723c751e8b465ee728b)  -> (artifact id: '4a26a52e718306fba651ad1c5ff177c0') in 0.014611 seconds 
  Import took 0.018881 seconds .

========================================================================
Received Import Request.
  Time since last request: 510.972668 seconds.
  path: Assets/GuidedProject
  artifactKey: Guid(3b8b25576a2cd9d418973bffe9cfea0f) Importer(815301076,1909f56bfc062723c751e8b465ee728b)
Start importing Assets/GuidedProject using Guid(3b8b25576a2cd9d418973bffe9cfea0f) Importer(815301076,1909f56bfc062723c751e8b465ee728b)  -> (artifact id: '092e3e5c76c14e8c8146fd7071e59257') in 0.009651 seconds 
  Import took 0.015047 seconds .

========================================================================
Received Import Request.
  Time since last request: 1.623151 seconds.
  path: Assets/GuidedProject/AlienVideoGameShop
  artifactKey: Guid(85e528e19774dae499eff2b9d0e726a7) Importer(815301076,1909f56bfc062723c751e8b465ee728b)
Start importing Assets/GuidedProject/AlienVideoGameShop using Guid(85e528e19774dae499eff2b9d0e726a7) Importer(815301076,1909f56bfc062723c751e8b465ee728b)  -> (artifact id: '5b0f54d2bc9edfeaa0de4c1b377d134d') in 0.008169 seconds 
  Import took 0.012760 seconds .

========================================================================
Received Import Request.
  Time since last request: 3.979178 seconds.
  path: Assets/GuidedProject/AlienVideoGameShop/Animations
  artifactKey: Guid(b30d7701f40501f41878c2823524c6b0) Importer(815301076,1909f56bfc062723c751e8b465ee728b)
Start importing Assets/GuidedProject/AlienVideoGameShop/Animations using Guid(b30d7701f40501f41878c2823524c6b0) Importer(815301076,1909f56bfc062723c751e8b465ee728b)  -> (artifact id: '39641cadf9706326f8a2fddd5b6e2c1f') in 0.007092 seconds 
  Import took 0.010866 seconds .

========================================================================
Received Import Request.
  Time since last request: 0.138810 seconds.
  path: Assets/GuidedProject/AlienVideoGameShop/Animations/Clerk@Idle.fbx
  artifactKey: Guid(b2e550a503624224a8f5ea40fbc9b5a6) Importer(815301076,1909f56bfc062723c751e8b465ee728b)
Start importing Assets/GuidedProject/AlienVideoGameShop/Animations/Clerk@Idle.fbx using Guid(b2e550a503624224a8f5ea40fbc9b5a6) Importer(815301076,1909f56bfc062723c751e8b465ee728b)  -> (artifact id: '5031430bbc9be12cbfbb4c42b2061486') in 0.677717 seconds 
  Import took 0.682258 seconds .

========================================================================
Received Import Request.
  Time since last request: 0.000135 seconds.
  path: Assets/GuidedProject/AlienVideoGameShop/Animations/Clerk@Walk.fbx
  artifactKey: Guid(0e5e26bb7b8df3942849c1801e227538) Importer(815301076,1909f56bfc062723c751e8b465ee728b)
Start importing Assets/GuidedProject/AlienVideoGameShop/Animations/Clerk@Walk.fbx using Guid(0e5e26bb7b8df3942849c1801e227538) Importer(815301076,1909f56bfc062723c751e8b465ee728b)  -> (artifact id: 'e92037f9dbad05755e239105b6a15085') in 0.303308 seconds 
  Import took 0.306982 seconds .

========================================================================
Received Import Request.
  Time since last request: 92.565001 seconds.
  path: Assets/GuidedProject/AlienVideoGameShop/Prefabs
  artifactKey: Guid(090bb469ad6de4443b90e122d06978c4) Importer(815301076,1909f56bfc062723c751e8b465ee728b)
Start importing Assets/GuidedProject/AlienVideoGameShop/Prefabs using Guid(090bb469ad6de4443b90e122d06978c4) Importer(815301076,1909f56bfc062723c751e8b465ee728b)  -> (artifact id: 'cf3fc2542e55d01d9a11edcb79455e0b') in 0.007372 seconds 
  Import took 0.011851 seconds .

========================================================================
Received Import Request.
  Time since last request: 0.075699 seconds.
  path: Assets/GuidedProject/AlienVideoGameShop/Prefabs/AlienVideoGameShop_StarterEnvironment.prefab
  artifactKey: Guid(a6d80765aedf8b940bc1d65943d787c4) Importer(815301076,1909f56bfc062723c751e8b465ee728b)
Start importing Assets/GuidedProject/AlienVideoGameShop/Prefabs/AlienVideoGameShop_StarterEnvironment.prefab using Guid(a6d80765aedf8b940bc1d65943d787c4) Importer(815301076,1909f56bfc062723c751e8b465ee728b)  -> (artifact id: '80fbf80e5631efb67fdd5d2c9faea13e') in 1.149006 seconds 
  Import took 1.157661 seconds .

